Determining if the pthread_create exist failed with the following output:
Change Dir: /home/meg/catkin_ws/src/image_processing_packages/camera_umd/jpeg_streamer/build/CMakeFiles/CMakeTmp

Run Build Command:/usr/bin/make "cmTryCompileExec1172008133/fast"
make[1]: Entering directory `/home/meg/catkin_ws/src/image_processing_packages/camera_umd/jpeg_streamer/build/CMakeFiles/CMakeTmp'
/usr/bin/make -f CMakeFiles/cmTryCompileExec1172008133.dir/build.make CMakeFiles/cmTryCompileExec1172008133.dir/build
make[2]: Entering directory `/home/meg/catkin_ws/src/image_processing_packages/camera_umd/jpeg_streamer/build/CMakeFiles/CMakeTmp'
/usr/bin/cmake -E cmake_progress_report /home/meg/catkin_ws/src/image_processing_packages/camera_umd/jpeg_streamer/build/CMakeFiles/CMakeTmp/CMakeFiles 1
Building C object CMakeFiles/cmTryCompileExec1172008133.dir/CheckSymbolExists.c.o
/usr/bin/gcc    -o CMakeFiles/cmTryCompileExec1172008133.dir/CheckSymbolExists.c.o   -c /home/meg/catkin_ws/src/image_processing_packages/camera_umd/jpeg_streamer/build/CMakeFiles/CMakeTmp/CheckSymbolExists.c
Linking C executable cmTryCompileExec1172008133
/usr/bin/cmake -E cmake_link_script CMakeFiles/cmTryCompileExec1172008133.dir/link.txt --verbose=1
/usr/bin/gcc         CMakeFiles/cmTryCompileExec1172008133.dir/CheckSymbolExists.c.o  -o cmTryCompileExec1172008133 -rdynamic 
CMakeFiles/cmTryCompileExec1172008133.dir/CheckSymbolExists.c.o: In function `main':
CheckSymbolExists.c:(.text+0x16): undefined reference to `pthread_create'
collect2: error: ld returned 1 exit status
make[2]: *** [cmTryCompileExec1172008133] Error 1
make[2]: Leaving directory `/home/meg/catkin_ws/src/image_processing_packages/camera_umd/jpeg_streamer/build/CMakeFiles/CMakeTmp'
make[1]: *** [cmTryCompileExec1172008133/fast] Error 2
make[1]: Leaving directory `/home/meg/catkin_ws/src/image_processing_packages/camera_umd/jpeg_streamer/build/CMakeFiles/CMakeTmp'

File /home/meg/catkin_ws/src/image_processing_packages/camera_umd/jpeg_streamer/build/CMakeFiles/CMakeTmp/CheckSymbolExists.c:
/* */
#include <pthread.h>

int main(int argc, char** argv)
{
  (void)argv;
#ifndef pthread_create
  return ((int*)(&pthread_create))[argc];
#else
  (void)argc;
  return 0;
#endif
}

Determining if the function pthread_create exists in the pthreads failed with the following output:
Change Dir: /home/meg/catkin_ws/src/image_processing_packages/camera_umd/jpeg_streamer/build/CMakeFiles/CMakeTmp

Run Build Command:/usr/bin/make "cmTryCompileExec454969872/fast"
make[1]: Entering directory `/home/meg/catkin_ws/src/image_processing_packages/camera_umd/jpeg_streamer/build/CMakeFiles/CMakeTmp'
/usr/bin/make -f CMakeFiles/cmTryCompileExec454969872.dir/build.make CMakeFiles/cmTryCompileExec454969872.dir/build
make[2]: Entering directory `/home/meg/catkin_ws/src/image_processing_packages/camera_umd/jpeg_streamer/build/CMakeFiles/CMakeTmp'
/usr/bin/cmake -E cmake_progress_report /home/meg/catkin_ws/src/image_processing_packages/camera_umd/jpeg_streamer/build/CMakeFiles/CMakeTmp/CMakeFiles 1
Building C object CMakeFiles/cmTryCompileExec454969872.dir/CheckFunctionExists.c.o
/usr/bin/gcc   -DCHECK_FUNCTION_EXISTS=pthread_create   -o CMakeFiles/cmTryCompileExec454969872.dir/CheckFunctionExists.c.o   -c /usr/share/cmake-2.8/Modules/CheckFunctionExists.c
Linking C executable cmTryCompileExec454969872
/usr/bin/cmake -E cmake_link_script CMakeFiles/cmTryCompileExec454969872.dir/link.txt --verbose=1
/usr/bin/gcc     -DCHECK_FUNCTION_EXISTS=pthread_create    CMakeFiles/cmTryCompileExec454969872.dir/CheckFunctionExists.c.o  -o cmTryCompileExec454969872 -rdynamic -lpthreads 
/usr/bin/ld: cannot find -lpthreads
collect2: error: ld returned 1 exit status
make[2]: *** [cmTryCompileExec454969872] Error 1
make[2]: Leaving directory `/home/meg/catkin_ws/src/image_processing_packages/camera_umd/jpeg_streamer/build/CMakeFiles/CMakeTmp'
make[1]: *** [cmTryCompileExec454969872/fast] Error 2
make[1]: Leaving directory `/home/meg/catkin_ws/src/image_processing_packages/camera_umd/jpeg_streamer/build/CMakeFiles/CMakeTmp'


